<?xml version="1.0" encoding="UTF-8"?>
<!-- Generated by org.testng.reporters.JUnitReportReporter -->
<testsuite hostname="CTLINDT-0692" name="edu.cigniti.RestApiAutomationTest" tests="1" failures="0" timestamp="16 Oct 2017 09:05:17 GMT" time="2.168" errors="0">
  <testcase name="testGetApiRequestValues" time="2.168" classname="edu.cigniti.RestApiAutomationTest"/>
</testsuite> <!-- edu.cigniti.RestApiAutomationTest -->
