<?xml version="1.0" encoding="UTF-8"?>
<!-- Generated by org.testng.reporters.JUnitReportReporter -->
<testsuite hostname="CTLINDT-0692" name="edu.cigniti.ApiTests" tests="2" failures="0" timestamp="16 Oct 2017 09:49:34 GMT" time="0.793" errors="0">
  <testcase name="testUsingClosableHttpClient" time="0.535" classname="edu.cigniti.ApiTests"/>
  <testcase name="testUsingDefaultHttpClient" time="0.258" classname="edu.cigniti.ApiTests"/>
</testsuite> <!-- edu.cigniti.ApiTests -->
